<?xml version="1.0" encoding="UTF-8"?>

<mule 	xmlns:dynamicscrm="http://www.mulesoft.org/schema/mule/dynamicscrm" 
		xmlns:sfdc="http://www.mulesoft.org/schema/mule/sfdc" 
		xmlns="http://www.mulesoft.org/schema/mule/core" 
		xmlns:doc="http://www.mulesoft.org/schema/mule/documentation"
		version="EE-3.6.1" 
		xmlns:xsi="http://www.w3.org/2001/XMLSchema-instance" 
		xsi:schemaLocation="http://www.mulesoft.org/schema/mule/core http://www.mulesoft.org/schema/mule/core/current/mule.xsd
http://www.mulesoft.org/schema/mule/sfdc http://www.mulesoft.org/schema/mule/sfdc/current/mule-sfdc.xsd
http://www.mulesoft.org/schema/mule/dynamicscrm http://www.mulesoft.org/schema/mule/dynamicscrm/current/mule-dynamicscrm.xsd">
    <sub-flow name="createAccountInAFlow" >
        <sfdc:create config-ref="Salesforce" type="Account" doc:name="Salesforce">
            <sfdc:objects ref="#[payload]"/>
        </sfdc:create>
    </sub-flow>
        <sub-flow name="createAccountInBFlow" >
        <foreach doc:name="For Each">
            <dynamicscrm:create config-ref="Microsoft_Dynamics_CRM" logicalName="account" doc:name="Microsoft Dynamics CRM">
                <dynamicscrm:attributes ref="#[payload]"/>
            </dynamicscrm:create>
        </foreach>

    </sub-flow>
    <sub-flow name="retrieveAccountFromAFlow">
        <sfdc:query-single config-ref="Salesforce" query="SELECT Name, Phone, Description FROM Account WHERE (Name = '#[payload['Name']]')" doc:name="Salesforce"/>
    </sub-flow>
    <sub-flow name="retrieveAccountFromBFlow">
        <dynamicscrm:retrieve-multiple-by-query config-ref="Microsoft_Dynamics_CRM" query="dsql:SELECT accountid,description,name,telephone1 FROM account WHERE name = '#[payload['name']]'" doc:name="Microsoft Dynamics CRM"/>
    </sub-flow>
    <sub-flow name="deleteAccountFromAFlow" >
        <sfdc:delete config-ref="Salesforce" doc:name="Salesforce">
            <sfdc:ids ref="#[payload]"/>
        </sfdc:delete>

    </sub-flow>
    <sub-flow name="deleteAccountFromBFlow" >
        <foreach doc:name="For Each">
            <dynamicscrm:delete config-ref="Microsoft_Dynamics_CRM" logicalName="account" doc:name="Microsoft Dynamics CRM"/>
        </foreach>

    </sub-flow>
    

</mule>
