<?xml version="1.0" encoding="UTF-8"?>

<mule xmlns:dynamicscrm="http://www.mulesoft.org/schema/mule/dynamicscrm" xmlns:sfdc="http://www.mulesoft.org/schema/mule/sfdc" 
xmlns:json="http://www.mulesoft.org/schema/mule/json" 
xmlns="http://www.mulesoft.org/schema/mule/core" 
xmlns:doc="http://www.mulesoft.org/schema/mule/documentation" 
xmlns:spring="http://www.springframework.org/schema/beans" 
version="EE-3.6.0" 
xmlns:xsi="http://www.w3.org/2001/XMLSchema-instance" xsi:schemaLocation="http://www.springframework.org/schema/beans http://www.springframework.org/schema/beans/spring-beans-current.xsd
http://www.mulesoft.org/schema/mule/core http://www.mulesoft.org/schema/mule/core/current/mule.xsd
http://www.mulesoft.org/schema/mule/sfdc http://www.mulesoft.org/schema/mule/sfdc/current/mule-sfdc.xsd
http://www.mulesoft.org/schema/mule/json http://www.mulesoft.org/schema/mule/json/current/mule-json.xsd
http://www.mulesoft.org/schema/mule/dynamicscrm http://www.mulesoft.org/schema/mule/dynamicscrm/current/mule-dynamicscrm.xsd">
    <sub-flow name="createContactInAFlow" >
        <sfdc:create config-ref="Salesforce" type="Contact" doc:name="Salesforce">
            <sfdc:objects ref="#[payload]"/>
        </sfdc:create>
    </sub-flow>
        <sub-flow name="createContactInBFlow" >
        <foreach doc:name="For Each">
            <dynamicscrm:create config-ref="Microsoft_Dynamics_CRM" logicalName="contact" doc:name="Microsoft Dynamics CRM">
                <dynamicscrm:attributes ref="#[payload]"/>
            </dynamicscrm:create>
        </foreach>

    </sub-flow>
    <sub-flow name="retrieveContactFromAFlow">
        <sfdc:query-single config-ref="Salesforce" query="SELECT Id, Name, LastModifiedById, LastModifiedDate, NumberOfEmployees FROM Account WHERE (Name = '#[payload['name']]')" doc:name="Salesforce"/>
    </sub-flow>
    <sub-flow name="retrieveContactFromBFlow">
        <dynamicscrm:retrieve-multiple-by-query config-ref="Microsoft_Dynamics_CRM" query="dsql:SELECT accountid FROM account WHERE name = '#[payload[&quot;name&quot;]]'" doc:name="Microsoft Dynamics CRM"/>
    </sub-flow>
    <sub-flow name="deleteContactFromAFlow" >
        <sfdc:delete config-ref="Salesforce" doc:name="Salesforce">
            <sfdc:ids ref="#[payload]"/>
        </sfdc:delete>
    </sub-flow>
    <sub-flow name="deleteContactFromBFlow" >
        <foreach doc:name="For Each">
            <dynamicscrm:delete config-ref="Microsoft_Dynamics_CRM" logicalName="contact" doc:name="Microsoft Dynamics CRM"/>
        </foreach>

    </sub-flow>
    

</mule>
